1650111116813	geckodriver	INFO	Listening on 127.0.0.1:1062
1650111119913	mozrunner::runner	INFO	Running command: "C:\\Program Files\\Mozilla Firefox\\firefox.exe" "--marionette" "--remote-debugging-port" "1063" "--remote-allow-hosts" "localhost" "-no-remote" "-profile" "C:\\Users\\ACER\\AppData\\Local\\Temp\\rust_mozprofileZeAOPF"
1650111120300	Marionette	INFO	Marionette enabled
console.warn: SearchSettings: "get: No settings file exists, new profile?" (new NotFoundError("Could not open the file at C:\\Users\\ACER\\AppData\\Local\\Temp\\rust_mozprofileZeAOPF\\search.json.mozlz4", (void 0)))
DevTools listening on ws://localhost:1063/devtools/browser/5072e587-3489-4565-8a97-2a76fa32446f
1650111122983	Marionette	INFO	Listening on port 1085
Read port: 1085
1650111123030	RemoteAgent	WARN	TLS certificate errors will be ignored for this session
console.warn: LoginRecipes: "getRecipes: falling back to a synchronous message for:" "https://www.binged.com"
console.warn: LoginRecipes: "getRecipes: falling back to a synchronous message for:" "https://www.binged.com"
console.warn: LoginRecipes: "getRecipes: falling back to a synchronous message for:" "https://www.binged.com"
console.warn: LoginRecipes: "getRecipes: falling back to a synchronous message for:" "https://www.binged.com"
JavaScript error: https://www.binged.com/streaming-premiere-dates/?language[]=Malayalam line 2 > injectedScript, line 33: TypeError: addNewFilter is null
JavaScript warning: https://pagead2.googlesyndication.com/bg/iDHsPPU-w9vlnufKSHbr26QNWWZn22uKUKQjwtrxHns.js line 1 > eval line 4804 > eval line 1 > eval line 1 > eval, line 1: WEBGL_debug_renderer_info is deprecated in Firefox and will be removed. Please use RENDERER.
1650111295499	geckodriver	INFO	Listening on 127.0.0.1:13723
1650111298534	mozrunner::runner	INFO	Running command: "C:\\Program Files\\Mozilla Firefox\\firefox.exe" "--marionette" "headless" "--remote-debugging-port" "13724" "--remote-allow-hosts" "localhost" "-no-remote" "-profile" "C:\\Users\\ACER\\AppData\\Local\\Temp\\rust_mozprofile3VcLU4"
1650111298937	Marionette	INFO	Marionette enabled
console.warn: SearchSettings: "get: No settings file exists, new profile?" (new NotFoundError("Could not open the file at C:\\Users\\ACER\\AppData\\Local\\Temp\\rust_mozprofile3VcLU4\\search.json.mozlz4", (void 0)))
DevTools listening on ws://localhost:13724/devtools/browser/eeedb8ac-def2-4099-a9e1-a6004a503eff
1650111301205	Marionette	INFO	Listening on port 13744
Read port: 13744
1650111301314	RemoteAgent	WARN	TLS certificate errors will be ignored for this session
console.warn: LoginRecipes: "getRecipes: falling back to a synchronous message for:" "https://www.binged.com"
console.warn: LoginRecipes: "getRecipes: falling back to a synchronous message for:" "https://www.binged.com"
console.warn: LoginRecipes: "getRecipes: falling back to a synchronous message for:" "https://www.binged.com"
console.warn: LoginRecipes: "getRecipes: falling back to a synchronous message for:" "https://www.binged.com"
1650111390129	geckodriver	INFO	Listening on 127.0.0.1:13831
1650111393205	mozrunner::runner	INFO	Running command: "C:\\Program Files\\Mozilla Firefox\\firefox.exe" "--marionette" "--headless" "--remote-debugging-port" "13832" "--remote-allow-hosts" "localhost" "-no-remote" "-profile" "C:\\Users\\ACER\\AppData\\Local\\Temp\\rust_mozprofilesuE0xh"
*** You are running in headless mode.
1650111393548	Marionette	INFO	Marionette enabled
[GFX1-]: RenderCompositorSWGL failed mapping default framebuffer, no dt
console.warn: SearchSettings: "get: No settings file exists, new profile?" (new NotFoundError("Could not open the file at C:\\Users\\ACER\\AppData\\Local\\Temp\\rust_mozprofilesuE0xh\\search.json.mozlz4", (void 0)))
DevTools listening on ws://localhost:13832/devtools/browser/04e009a7-1ead-45ff-b2fb-bd57614ebec8
1650111394513	Marionette	INFO	Listening on port 13853
Read port: 13853
1650111394551	RemoteAgent	WARN	TLS certificate errors will be ignored for this session
console.warn: LoginRecipes: "getRecipes: falling back to a synchronous message for:" "https://www.binged.com"
console.warn: LoginRecipes: "getRecipes: falling back to a synchronous message for:" "https://www.binged.com"
console.warn: LoginRecipes: "getRecipes: falling back to a synchronous message for:" "https://www.binged.com"
console.warn: LoginRecipes: "getRecipes: falling back to a synchronous message for:" "https://www.binged.com"
1650111413187	geckodriver	INFO	Listening on 127.0.0.1:13908
1650111416265	mozrunner::runner	INFO	Running command: "C:\\Program Files\\Mozilla Firefox\\firefox.exe" "--marionette" "--headless" "--remote-debugging-port" "13909" "--remote-allow-hosts" "localhost" "-no-remote" "-profile" "C:\\Users\\ACER\\AppData\\Local\\Temp\\rust_mozprofilePFfnMg"
*** You are running in headless mode.
1650111416646	Marionette	INFO	Marionette enabled
[GFX1-]: RenderCompositorSWGL failed mapping default framebuffer, no dt
console.warn: SearchSettings: "get: No settings file exists, new profile?" (new NotFoundError("Could not open the file at C:\\Users\\ACER\\AppData\\Local\\Temp\\rust_mozprofilePFfnMg\\search.json.mozlz4", (void 0)))
DevTools listening on ws://localhost:13909/devtools/browser/fe774bcf-19a4-49bc-a7d5-5c45a45debf0
1650111417627	Marionette	INFO	Listening on port 13932
Read port: 13932
1650111417718	RemoteAgent	WARN	TLS certificate errors will be ignored for this session
console.warn: LoginRecipes: "getRecipes: falling back to a synchronous message for:" "https://www.binged.com"
console.warn: LoginRecipes: "getRecipes: falling back to a synchronous message for:" "https://www.binged.com"
console.warn: LoginRecipes: "getRecipes: falling back to a synchronous message for:" "https://www.binged.com"
console.warn: LoginRecipes: "getRecipes: falling back to a synchronous message for:" "https://www.binged.com"
1650114496292	geckodriver	INFO	Listening on 127.0.0.1:17797
1650114499326	mozrunner::runner	INFO	Running command: "C:\\Program Files\\Mozilla Firefox\\firefox.exe" "--marionette" "--headless" "--remote-debugging-port" "17798" "--remote-allow-hosts" "localhost" "-no-remote" "-profile" "C:\\Users\\ACER\\AppData\\Local\\Temp\\rust_mozprofilemUPEbR"
*** You are running in headless mode.
1650114499842	Marionette	INFO	Marionette enabled
[GFX1-]: RenderCompositorSWGL failed mapping default framebuffer, no dt
console.warn: SearchSettings: "get: No settings file exists, new profile?" (new NotFoundError("Could not open the file at C:\\Users\\ACER\\AppData\\Local\\Temp\\rust_mozprofilemUPEbR\\search.json.mozlz4", (void 0)))
DevTools listening on ws://localhost:17798/devtools/browser/10696ce0-5ebd-4f9a-9e6d-b36602d16158
1650114500942	Marionette	INFO	Listening on port 17822
Read port: 17822
1650114501025	RemoteAgent	WARN	TLS certificate errors will be ignored for this session
console.warn: LoginRecipes: "getRecipes: falling back to a synchronous message for:" "https://www.binged.com"
console.warn: LoginRecipes: "getRecipes: falling back to a synchronous message for:" "https://www.binged.com"
console.warn: LoginRecipes: "getRecipes: falling back to a synchronous message for:" "https://www.binged.com"
console.warn: LoginRecipes: "getRecipes: falling back to a synchronous message for:" "https://www.binged.com"
JavaScript error: , line 0: NS_ERROR_NOT_AVAILABLE
1:17898
1650114536304	mozrunner::runner	INFO	Running command: "C:\\Program Files\\Mozilla Firefox\\firefox.exe" "--marionette" "--headless" "--remote-debugging-port" "17899" "--remote-allow-hosts" "localhost" "-no-remote" "-profile" "C:\\Users\\ACER\\AppData\\Local\\Temp\\rust_mozprofile8nEGEo"
*** You are running in headless mode.
1650114536755	Marionette	INFO	Marionette enabled
[GFX1-]: RenderCompositorSWGL failed mapping default framebuffer, no dt
console.warn: SearchSettings: "get: No settings file exists, new profile?" (new NotFoundError("Could not open the file at C:\\Users\\ACER\\AppData\\Local\\Temp\\rust_mozprofile8nEGEo\\search.json.mozlz4", (void 0)))
DevTools listening on ws://localhost:17899/devtools/browser/eccf4194-fa98-463b-9835-588759a55e9b
1650114537858	Marionette	INFO	Listening on port 17923
Read port: 17923
1650114537975	RemoteAgent	WARN	TLS certificate errors will be ignored for this session
console.warn: LoginRecipes: "getRecipes: falling back to a synchronous message for:" "https://www.binged.com"
console.warn: LoginRecipes: "getRecipes: falling back to a synchronous message for:" "https://www.binged.com"
console.warn: LoginRecipes: "getRecipes: falling back to a synchronous message for:" "https://www.binged.com"
console.warn: LoginRecipes: "getRecipes: falling back to a synchronous message for:" "https://www.binged.com"
JavaScript error: , line 0: NS_ERROR_NOT_AVAILABLE
1:18101
1650114639124	mozrunner::runner	INFO	Running command: "C:\\Program Files\\Mozilla Firefox\\firefox.exe" "--marionette" "--headless" "--remote-debugging-port" "18102" "--remote-allow-hosts" "localhost" "-no-remote" "-profile" "C:\\Users\\ACER\\AppData\\Local\\Temp\\rust_mozprofileiTIEVR"
*** You are running in headless mode.
1650114639809	Marionette	INFO	Marionette enabled
[GFX1-]: RenderCompositorSWGL failed mapping default framebuffer, no dt
console.warn: SearchSettings: "get: No settings file exists, new profile?" (new NotFoundError("Could not open the file at C:\\Users\\ACER\\AppData\\Local\\Temp\\rust_mozprofileiTIEVR\\search.json.mozlz4", (void 0)))
DevTools listening on ws://localhost:18102/devtools/browser/7b6db85b-f6d8-4ca9-9231-dfeedf2dfebb
1650114641467	Marionette	INFO	Listening on port 18131
Read port: 18131
1650114641509	RemoteAgent	WARN	TLS certificate errors will be ignored for this session
console.warn: LoginRecipes: "getRecipes: falling back to a synchronous message for:" "https://www.binged.com"
console.warn: LoginRecipes: "getRecipes: falling back to a synchronous message for:" "https://www.binged.com"
console.warn: LoginRecipes: "getRecipes: falling back to a synchronous message for:" "https://www.binged.com"
console.warn: LoginRecipes: "getRecipes: falling back to a synchronous message for:" "https://www.binged.com"
JavaScript error: , line 0: NS_ERROR_NOT_AVAILABLE
1:18210
1650114673977	mozrunner::runner	INFO	Running command: "C:\\Program Files\\Mozilla Firefox\\firefox.exe" "--marionette" "--headless" "--remote-debugging-port" "18211" "--remote-allow-hosts" "localhost" "-no-remote" "-profile" "C:\\Users\\ACER\\AppData\\Local\\Temp\\rust_mozprofiler6GZpf"
*** You are running in headless mode.
1650114674607	Marionette	INFO	Marionette enabled
[GFX1-]: RenderCompositorSWGL failed mapping default framebuffer, no dt
console.warn: SearchSettings: "get: No settings file exists, new profile?" (new NotFoundError("Could not open the file at C:\\Users\\ACER\\AppData\\Local\\Temp\\rust_mozprofiler6GZpf\\search.json.mozlz4", (void 0)))
DevTools listening on ws://localhost:18211/devtools/browser/ed6150d4-c52c-493b-a82c-d13c75ec5aea
1650114676138	Marionette	INFO	Listening on port 18240
Read port: 18240
1650114676210	RemoteAgent	WARN	TLS certificate errors will be ignored for this session
console.warn: LoginRecipes: "getRecipes: falling back to a synchronous message for:" "https://www.binged.com"
console.warn: LoginRecipes: "getRecipes: falling back to a synchronous message for:" "https://www.binged.com"
console.warn: LoginRecipes: "getRecipes: falling back to a synchronous message for:" "https://www.binged.com"
console.warn: LoginRecipes: "getRecipes: falling back to a synchronous message for:" "https://www.binged.com"
JavaScript error: , line 0: NS_ERROR_NOT_AVAILABLE
1:18326
1650114726239	mozrunner::runner	INFO	Running command: "C:\\Program Files\\Mozilla Firefox\\firefox.exe" "--marionette" "--headless" "--remote-debugging-port" "18327" "--remote-allow-hosts" "localhost" "-no-remote" "-profile" "C:\\Users\\ACER\\AppData\\Local\\Temp\\rust_mozprofileZrN1yv"
*** You are running in headless mode.
1650114726637	Marionette	INFO	Marionette enabled
[GFX1-]: RenderCompositorSWGL failed mapping default framebuffer, no dt
console.warn: SearchSettings: "get: No settings file exists, new profile?" (new NotFoundError("Could not open the file at C:\\Users\\ACER\\AppData\\Local\\Temp\\rust_mozprofileZrN1yv\\search.json.mozlz4", (void 0)))
DevTools listening on ws://localhost:18327/devtools/browser/6c8a127e-258d-42ab-8ab2-5836df937f6d
1650114727781	Marionette	INFO	Listening on port 18349
Read port: 18349
1650114727816	RemoteAgent	WARN	TLS certificate errors will be ignored for this session
console.warn: LoginRecipes: "getRecipes: falling back to a synchronous message for:" "https://www.binged.com"
console.warn: LoginRecipes: "getRecipes: falling back to a synchronous message for:" "https://www.binged.com"
console.warn: LoginRecipes: "getRecipes: falling back to a synchronous message for:" "https://www.binged.com"
console.warn: LoginRecipes: "getRecipes: falling back to a synchronous message for:" "https://www.binged.com"
JavaScript error: , line 0: NS_ERROR_NOT_AVAILABLE
1:18471
1650114813954	mozrunner::runner	INFO	Running command: "C:\\Program Files\\Mozilla Firefox\\firefox.exe" "--marionette" "--headless" "--remote-debugging-port" "18472" "--remote-allow-hosts" "localhost" "-no-remote" "-profile" "C:\\Users\\ACER\\AppData\\Local\\Temp\\rust_mozprofileK1u07Z"
*** You are running in headless mode.
1650114814386	Marionette	INFO	Marionette enabled
[GFX1-]: RenderCompositorSWGL failed mapping default framebuffer, no dt
console.warn: SearchSettings: "get: No settings file exists, new profile?" (new NotFoundError("Could not open the file at C:\\Users\\ACER\\AppData\\Local\\Temp\\rust_mozprofileK1u07Z\\search.json.mozlz4", (void 0)))
DevTools listening on ws://localhost:18472/devtools/browser/4daf9ca7-170c-4053-b104-8ae1496a15e7
1650114815766	Marionette	INFO	Listening on port 18499
Read port: 18499
1650114815967	RemoteAgent	WARN	TLS certificate errors will be ignored for this session
console.warn: LoginRecipes: "getRecipes: falling back to a synchronous message for:" "https://www.binged.com"
console.warn: LoginRecipes: "getRecipes: falling back to a synchronous message for:" "https://www.binged.com"
console.warn: LoginRecipes: "getRecipes: falling back to a synchronous message for:" "https://www.binged.com"
console.warn: LoginRecipes: "getRecipes: falling back to a synchronous message for:" "https://www.binged.com"
JavaScript error: , line 0: NS_ERROR_NOT_AVAILABLE
1:18566
1650114848574	mozrunner::runner	INFO	Running command: "C:\\Program Files\\Mozilla Firefox\\firefox.exe" "--marionette" "--headless" "--remote-debugging-port" "18567" "--remote-allow-hosts" "localhost" "-no-remote" "-profile" "C:\\Users\\ACER\\AppData\\Local\\Temp\\rust_mozprofileSMZifT"
*** You are running in headless mode.
1650114849088	Marionette	INFO	Marionette enabled
[GFX1-]: RenderCompositorSWGL failed mapping default framebuffer, no dt
console.warn: SearchSettings: "get: No settings file exists, new profile?" (new NotFoundError("Could not open the file at C:\\Users\\ACER\\AppData\\Local\\Temp\\rust_mozprofileSMZifT\\search.json.mozlz4", (void 0)))
DevTools listening on ws://localhost:18567/devtools/browser/6953e959-23a0-4bf4-9e70-2ede01e0fbbb
1650114850253	Marionette	INFO	Listening on port 18591
Read port: 18591
1650114850366	RemoteAgent	WARN	TLS certificate errors will be ignored for this session
console.warn: LoginRecipes: "getRecipes: falling back to a synchronous message for:" "https://www.binged.com"
console.warn: LoginRecipes: "getRecipes: falling back to a synchronous message for:" "https://www.binged.com"
console.warn: LoginRecipes: "getRecipes: falling back to a synchronous message for:" "https://www.binged.com"
console.warn: LoginRecipes: "getRecipes: falling back to a synchronous message for:" "https://www.binged.com"
JavaScript error: , line 0: NS_ERROR_NOT_AVAILABLE
1650116954421	geckodriver	INFO	Listening on 127.0.0.1:20134
1650116957514	mozrunner::runner	INFO	Running command: "C:\\Program Files\\Mozilla Firefox\\firefox.exe" "--marionette" "--headless" "--remote-debugging-port" "20135" "--remote-allow-hosts" "localhost" "-no-remote" "-profile" "C:\\Users\\ACER\\AppData\\Local\\Temp\\rust_mozprofileBBQdvW"
*** You are running in headless mode.
1650116958130	Marionette	INFO	Marionette enabled
[GFX1-]: RenderCompositorSWGL failed mapping default framebuffer, no dt
console.warn: SearchSettings: "get: No settings file exists, new profile?" (new NotFoundError("Could not open the file at C:\\Users\\ACER\\AppData\\Local\\Temp\\rust_mozprofileBBQdvW\\search.json.mozlz4", (void 0)))
DevTools listening on ws://localhost:20135/devtools/browser/2bdff933-8fe0-429c-844f-2671f632e3d0
1650116959758	Marionette	INFO	Listening on port 20158
Read port: 20158
1650116959851	RemoteAgent	WARN	TLS certificate errors will be ignored for this session
console.warn: LoginRecipes: "getRecipes: falling back to a synchronous message for:" "https://www.binged.com"
console.warn: LoginRecipes: "getRecipes: falling back to a synchronous message for:" "https://www.binged.com"
console.warn: LoginRecipes: "getRecipes: falling back to a synchronous message for:" "https://www.binged.com"
console.warn: LoginRecipes: "getRecipes: falling back to a synchronous message for:" "https://www.binged.com"
JavaScript error: , line 0: NS_ERROR_NOT_AVAILABLE
1:20342
1650117042705	mozrunner::runner	INFO	Running command: "C:\\Program Files\\Mozilla Firefox\\firefox.exe" "--marionette" "--headless" "--remote-debugging-port" "20343" "--remote-allow-hosts" "localhost" "-no-remote" "-profile" "C:\\Users\\ACER\\AppData\\Local\\Temp\\rust_mozprofile8HHVRv"
*** You are running in headless mode.
1650117043109	Marionette	INFO	Marionette enabled
[GFX1-]: RenderCompositorSWGL failed mapping default framebuffer, no dt
console.warn: SearchSettings: "get: No settings file exists, new profile?" (new NotFoundError("Could not open the file at C:\\Users\\ACER\\AppData\\Local\\Temp\\rust_mozprofile8HHVRv\\search.json.mozlz4", (void 0)))
DevTools listening on ws://localhost:20343/devtools/browser/2c47dceb-68b2-41f0-8b1c-58dc97000d47
1650117044319	Marionette	INFO	Listening on port 20369
Read port: 20369
1650117044379	RemoteAgent	WARN	TLS certificate errors will be ignored for this session
console.warn: LoginRecipes: "getRecipes: falling back to a synchronous message for:" "https://www.binged.com"
console.warn: LoginRecipes: "getRecipes: falling back to a synchronous message for:" "https://www.binged.com"
console.warn: LoginRecipes: "getRecipes: falling back to a synchronous message for:" "https://www.binged.com"
console.warn: LoginRecipes: "getRecipes: falling back to a synchronous message for:" "https://www.binged.com"
JavaScript error: , line 0: NS_ERROR_NOT_AVAILABLE
1:20489
1650117160778	mozrunner::runner	INFO	Running command: "C:\\Program Files\\Mozilla Firefox\\firefox.exe" "--marionette" "--headless" "--remote-debugging-port" "20490" "--remote-allow-hosts" "localhost" "-no-remote" "-profile" "C:\\Users\\ACER\\AppData\\Local\\Temp\\rust_mozprofileFEIfl6"
*** You are running in headless mode.
1650117161301	Marionette	INFO	Marionette enabled
[GFX1-]: RenderCompositorSWGL failed mapping default framebuffer, no dt
console.warn: SearchSettings: "get: No settings file exists, new profile?" (new NotFoundError("Could not open the file at C:\\Users\\ACER\\AppData\\Local\\Temp\\rust_mozprofileFEIfl6\\search.json.mozlz4", (void 0)))
DevTools listening on ws://localhost:20490/devtools/browser/656d5b42-f87a-4952-b94d-2c995a8a5132
1650117162818	Marionette	INFO	Listening on port 20515
Read port: 20515
1650117162893	RemoteAgent	WARN	TLS certificate errors will be ignored for this session
console.warn: LoginRecipes: "getRecipes: falling back to a synchronous message for:" "https://www.binged.com"
console.warn: LoginRecipes: "getRecipes: falling back to a synchronous message for:" "https://www.binged.com"
console.warn: LoginRecipes: "getRecipes: falling back to a synchronous message for:" "https://www.binged.com"
console.warn: LoginRecipes: "getRecipes: falling back to a synchronous message for:" "https://www.binged.com"
JavaScript error: , line 0: NS_ERROR_NOT_AVAILABLE
1:20598
1650117204343	mozrunner::runner	INFO	Running command: "C:\\Program Files\\Mozilla Firefox\\firefox.exe" "--marionette" "--headless" "--remote-debugging-port" "20599" "--remote-allow-hosts" "localhost" "-no-remote" "-profile" "C:\\Users\\ACER\\AppData\\Local\\Temp\\rust_mozprofileVVnb5Q"
*** You are running in headless mode.
1650117204960	Marionette	INFO	Marionette enabled
[GFX1-]: RenderCompositorSWGL failed mapping default framebuffer, no dt
console.warn: SearchSettings: "get: No settings file exists, new profile?" (new NotFoundError("Could not open the file at C:\\Users\\ACER\\AppData\\Local\\Temp\\rust_mozprofileVVnb5Q\\search.json.mozlz4", (void 0)))
DevTools listening on ws://localhost:20599/devtools/browser/6dc67a50-7068-4bfa-9bec-e5b6f8780586
1650117206396	Marionette	INFO	Listening on port 20626
Read port: 20626
1650117206469	RemoteAgent	WARN	TLS certificate errors will be ignored for this session
console.warn: LoginRecipes: "getRecipes: falling back to a synchronous message for:" "https://www.binged.com"
console.warn: LoginRecipes: "getRecipes: falling back to a synchronous message for:" "https://www.binged.com"
console.warn: LoginRecipes: "getRecipes: falling back to a synchronous message for:" "https://www.binged.com"
console.warn: LoginRecipes: "getRecipes: falling back to a synchronous message for:" "https://www.binged.com"
JavaScript error: , line 0: NS_ERROR_NOT_AVAILABLE
1:20730
1650117286568	mozrunner::runner	INFO	Running command: "C:\\Program Files\\Mozilla Firefox\\firefox.exe" "--marionette" "--headless" "--remote-debugging-port" "20731" "--remote-allow-hosts" "localhost" "-no-remote" "-profile" "C:\\Users\\ACER\\AppData\\Local\\Temp\\rust_mozprofileSA69Iq"
*** You are running in headless mode.
1650117287029	Marionette	INFO	Marionette enabled
[GFX1-]: RenderCompositorSWGL failed mapping default framebuffer, no dt
console.warn: SearchSettings: "get: No settings file exists, new profile?" (new NotFoundError("Could not open the file at C:\\Users\\ACER\\AppData\\Local\\Temp\\rust_mozprofileSA69Iq\\search.json.mozlz4", (void 0)))
DevTools listening on ws://localhost:20731/devtools/browser/db8b8d20-f8fb-4596-9a0d-285948bfc221
1650117288293	Marionette	INFO	Listening on port 20752
Read port: 20752
1650117288369	RemoteAgent	WARN	TLS certificate errors will be ignored for this session
console.warn: LoginRecipes: "getRecipes: falling back to a synchronous message for:" "https://www.binged.com"
console.warn: LoginRecipes: "getRecipes: falling back to a synchronous message for:" "https://www.binged.com"
console.warn: LoginRecipes: "getRecipes: falling back to a synchronous message for:" "https://www.binged.com"
console.warn: LoginRecipes: "getRecipes: falling back to a synchronous message for:" "https://www.binged.com"
JavaScript error: , line 0: NS_ERROR_NOT_AVAILABLE
1:21195
1650117634002	mozrunner::runner	INFO	Running command: "C:\\Program Files\\Mozilla Firefox\\firefox.exe" "--marionette" "--headless" "--remote-debugging-port" "21196" "--remote-allow-hosts" "localhost" "-no-remote" "-profile" "C:\\Users\\ACER\\AppData\\Local\\Temp\\rust_mozprofilegRTK2l"
*** You are running in headless mode.
1650117634554	Marionette	INFO	Marionette enabled
[GFX1-]: RenderCompositorSWGL failed mapping default framebuffer, no dt
console.warn: SearchSettings: "get: No settings file exists, new profile?" (new NotFoundError("Could not open the file at C:\\Users\\ACER\\AppData\\Local\\Temp\\rust_mozprofilegRTK2l\\search.json.mozlz4", (void 0)))
DevTools listening on ws://localhost:21196/devtools/browser/0f088a51-ffd3-44a7-b4c9-46190e2f7e5b
1650117635929	Marionette	INFO	Listening on port 21220
Read port: 21220
1650117636017	RemoteAgent	WARN	TLS certificate errors will be ignored for this session
console.warn: LoginRecipes: "getRecipes: falling back to a synchronous message for:" "https://www.binged.com"
console.warn: LoginRecipes: "getRecipes: falling back to a synchronous message for:" "https://www.binged.com"
console.warn: LoginRecipes: "getRecipes: falling back to a synchronous message for:" "https://www.binged.com"
console.warn: LoginRecipes: "getRecipes: falling back to a synchronous message for:" "https://www.binged.com"
JavaScript error: , line 0: NS_ERROR_NOT_AVAILABLE
1:21336
1650117698396	mozrunner::runner	INFO	Running command: "C:\\Program Files\\Mozilla Firefox\\firefox.exe" "--marionette" "--headless" "--remote-debugging-port" "21337" "--remote-allow-hosts" "localhost" "-no-remote" "-profile" "C:\\Users\\ACER\\AppData\\Local\\Temp\\rust_mozprofilecxpnFr"
*** You are running in headless mode.
1650117698899	Marionette	INFO	Marionette enabled
[GFX1-]: RenderCompositorSWGL failed mapping default framebuffer, no dt
console.warn: SearchSettings: "get: No settings file exists, new profile?" (new NotFoundError("Could not open the file at C:\\Users\\ACER\\AppData\\Local\\Temp\\rust_mozprofilecxpnFr\\search.json.mozlz4", (void 0)))
DevTools listening on ws://localhost:21337/devtools/browser/46682966-33c0-4090-8c38-c237aff87097
1650117700141	Marionette	INFO	Listening on port 21360
Read port: 21360
1650117700180	RemoteAgent	WARN	TLS certificate errors will be ignored for this session
console.warn: LoginRecipes: "getRecipes: falling back to a synchronous message for:" "https://www.binged.com"
console.warn: LoginRecipes: "getRecipes: falling back to a synchronous message for:" "https://www.binged.com"
console.warn: LoginRecipes: "getRecipes: falling back to a synchronous message for:" "https://www.binged.com"
console.warn: LoginRecipes: "getRecipes: falling back to a synchronous message for:" "https://www.binged.com"
JavaScript error: , line 0: NS_ERROR_NOT_AVAILABLE
1:21532
1650117910005	mozrunner::runner	INFO	Running command: "C:\\Program Files\\Mozilla Firefox\\firefox.exe" "--marionette" "--headless" "--remote-debugging-port" "21533" "--remote-allow-hosts" "localhost" "-no-remote" "-profile" "C:\\Users\\ACER\\AppData\\Local\\Temp\\rust_mozprofilewvQviD"
*** You are running in headless mode.
1650117910734	Marionette	INFO	Marionette enabled
[GFX1-]: RenderCompositorSWGL failed mapping default framebuffer, no dt
console.warn: SearchSettings: "get: No settings file exists, new profile?" (new NotFoundError("Could not open the file at C:\\Users\\ACER\\AppData\\Local\\Temp\\rust_mozprofilewvQviD\\search.json.mozlz4", (void 0)))
DevTools listening on ws://localhost:21533/devtools/browser/285e9a38-be92-4571-b312-5104aa07f955
1650117912400	Marionette	INFO	Listening on port 21556
Read port: 21556
1650117912472	RemoteAgent	WARN	TLS certificate errors will be ignored for this session
console.warn: LoginRecipes: "getRecipes: falling back to a synchronous message for:" "https://www.binged.com"
console.warn: LoginRecipes: "getRecipes: falling back to a synchronous message for:" "https://www.binged.com"
console.warn: LoginRecipes: "getRecipes: falling back to a synchronous message for:" "https://www.binged.com"
console.warn: LoginRecipes: "getRecipes: falling back to a synchronous message for:" "https://www.binged.com"
JavaScript error: , line 0: NS_ERROR_NOT_AVAILABLE
1:21624
1650117944438	mozrunner::runner	INFO	Running command: "C:\\Program Files\\Mozilla Firefox\\firefox.exe" "--marionette" "--headless" "--remote-debugging-port" "21625" "--remote-allow-hosts" "localhost" "-no-remote" "-profile" "C:\\Users\\ACER\\AppData\\Local\\Temp\\rust_mozprofile1EViy8"
*** You are running in headless mode.
1650117945050	Marionette	INFO	Marionette enabled
[GFX1-]: RenderCompositorSWGL failed mapping default framebuffer, no dt
console.warn: SearchSettings: "get: No settings file exists, new profile?" (new NotFoundError("Could not open the file at C:\\Users\\ACER\\AppData\\Local\\Temp\\rust_mozprofile1EViy8\\search.json.mozlz4", (void 0)))
DevTools listening on ws://localhost:21625/devtools/browser/44e170c9-8431-4a7e-8cc6-c2d46125dc0b
1650117946768	Marionette	INFO	Listening on port 21655
Read port: 21655
1650117946911	RemoteAgent	WARN	TLS certificate errors will be ignored for this session
console.warn: LoginRecipes: "getRecipes: falling back to a synchronous message for:" "https://www.binged.com"
console.warn: LoginRecipes: "getRecipes: falling back to a synchronous message for:" "https://www.binged.com"
console.warn: LoginRecipes: "getRecipes: falling back to a synchronous message for:" "https://www.binged.com"
console.warn: LoginRecipes: "getRecipes: falling back to a synchronous message for:" "https://www.binged.com"
JavaScript error: , line 0: NS_ERROR_NOT_AVAILABLE
1:21735
1650117976796	mozrunner::runner	INFO	Running command: "C:\\Program Files\\Mozilla Firefox\\firefox.exe" "--marionette" "--headless" "--remote-debugging-port" "21736" "--remote-allow-hosts" "localhost" "-no-remote" "-profile" "C:\\Users\\ACER\\AppData\\Local\\Temp\\rust_mozprofilePF20WY"
*** You are running in headless mode.
1650117977558	Marionette	INFO	Marionette enabled
[GFX1-]: RenderCompositorSWGL failed mapping default framebuffer, no dt
console.warn: SearchSettings: "get: No settings file exists, new profile?" (new NotFoundError("Could not open the file at C:\\Users\\ACER\\AppData\\Local\\Temp\\rust_mozprofilePF20WY\\search.json.mozlz4", (void 0)))
DevTools listening on ws://localhost:21736/devtools/browser/eb58bee6-0333-4f43-b016-2c3aedb68bd7
1650117979154	Marionette	INFO	Listening on port 21760
Read port: 21760
1650117979259	RemoteAgent	WARN	TLS certificate errors will be ignored for this session
console.warn: LoginRecipes: "getRecipes: falling back to a synchronous message for:" "https://www.binged.com"
console.warn: LoginRecipes: "getRecipes: falling back to a synchronous message for:" "https://www.binged.com"
console.warn: LoginRecipes: "getRecipes: falling back to a synchronous message for:" "https://www.binged.com"
console.warn: LoginRecipes: "getRecipes: falling back to a synchronous message for:" "https://www.binged.com"
JavaScript error: , line 0: NS_ERROR_NOT_AVAILABLE
1:21890
1650118052416	mozrunner::runner	INFO	Running command: "C:\\Program Files\\Mozilla Firefox\\firefox.exe" "--marionette" "--headless" "--remote-debugging-port" "21891" "--remote-allow-hosts" "localhost" "-no-remote" "-profile" "C:\\Users\\ACER\\AppData\\Local\\Temp\\rust_mozprofile89CDsO"
*** You are running in headless mode.
1650118052996	Marionette	INFO	Marionette enabled
[GFX1-]: RenderCompositorSWGL failed mapping default framebuffer, no dt
console.warn: SearchSettings: "get: No settings file exists, new profile?" (new NotFoundError("Could not open the file at C:\\Users\\ACER\\AppData\\Local\\Temp\\rust_mozprofile89CDsO\\search.json.mozlz4", (void 0)))
DevTools listening on ws://localhost:21891/devtools/browser/95f3a17f-3c72-41d2-abe1-c11e1ed624f5
1650118054518	Marionette	INFO	Listening on port 21917
Read port: 21917
1650118054677	RemoteAgent	WARN	TLS certificate errors will be ignored for this session
console.warn: LoginRecipes: "getRecipes: falling back to a synchronous message for:" "https://www.binged.com"
console.warn: LoginRecipes: "getRecipes: falling back to a synchronous message for:" "https://www.binged.com"
console.warn: LoginRecipes: "getRecipes: falling back to a synchronous message for:" "https://www.binged.com"
console.warn: LoginRecipes: "getRecipes: falling back to a synchronous message for:" "https://www.binged.com"
JavaScript error: , line 0: NS_ERROR_NOT_AVAILABLE
Exiting due to channel error.
::runner	INFO	Running command: "C:\\Program Files\\Mozilla Firefox\\firefox.exe" "--marionette" "--headless" "--remote-debugging-port" "22015" "--remote-allow-hosts" "localhost" "-no-remote" "-profile" "C:\\Users\\ACER\\AppData\\Local\\Temp\\rust_mozprofiledVHSij"
*** You are running in headless mode.
1650118185939	Marionette	INFO	Marionette enabled
[GFX1-]: RenderCompositorSWGL failed mapping default framebuffer, no dt
console.warn: SearchSettings: "get: No settings file exists, new profile?" (new NotFoundError("Could not open the file at C:\\Users\\ACER\\AppData\\Local\\Temp\\rust_mozprofiledVHSij\\search.json.mozlz4", (void 0)))
DevTools listening on ws://localhost:22015/devtools/browser/11234585-10c3-4fdd-80a9-0c0874852fb7
1650118187558	Marionette	INFO	Listening on port 22039
Read port: 22039
1650118187633	RemoteAgent	WARN	TLS certificate errors will be ignored for this session
console.warn: LoginRecipes: "getRecipes: falling back to a synchronous message for:" "https://www.binged.com"
console.warn: LoginRecipes: "getRecipes: falling back to a synchronous message for:" "https://www.binged.com"
console.warn: LoginRecipes: "getRecipes: falling back to a synchronous message for:" "https://www.binged.com"
console.warn: LoginRecipes: "getRecipes: falling back to a synchronous message for:" "https://www.binged.com"
1650118560163	geckodriver	INFO	Listening on 127.0.0.1:28077
1650118563176	mozrunner::runner	INFO	Running command: "C:\\Program Files\\Mozilla Firefox\\firefox.exe" "--marionette" "--headless" "--remote-debugging-port" "28078" "--remote-allow-hosts" "localhost" "-no-remote" "-profile" "C:\\Users\\ACER\\AppData\\Local\\Temp\\rust_mozprofileB1X3yO"
*** You are running in headless mode.
1650118563640	Marionette	INFO	Marionette enabled
[GFX1-]: RenderCompositorSWGL failed mapping default framebuffer, no dt
console.warn: SearchSettings: "get: No settings file exists, new profile?" (new NotFoundError("Could not open the file at C:\\Users\\ACER\\AppData\\Local\\Temp\\rust_mozprofileB1X3yO\\search.json.mozlz4", (void 0)))
DevTools listening on ws://localhost:28078/devtools/browser/61fc05e6-0d2b-4e45-8903-23589b5c4781
1650118565122	Marionette	INFO	Listening on port 28101
Read port: 28101
1650118565181	RemoteAgent	WARN	TLS certificate errors will be ignored for this session
console.warn: LoginRecipes: "getRecipes: falling back to a synchronous message for:" "https://www.binged.com"
console.warn: LoginRecipes: "getRecipes: falling back to a synchronous message for:" "https://www.binged.com"
console.warn: LoginRecipes: "getRecipes: falling back to a synchronous message for:" "https://www.binged.com"
console.warn: LoginRecipes: "getRecipes: falling back to a synchronous message for:" "https://www.binged.com"
Exiting due to channel error.
Listening on 127.0.0.1:28213
1650118636833	mozrunner::runner	INFO	Running command: "C:\\Program Files\\Mozilla Firefox\\firefox.exe" "--marionette" "--headless" "--remote-debugging-port" "28214" "--remote-allow-hosts" "localhost" "-no-remote" "-profile" "C:\\Users\\ACER\\AppData\\Local\\Temp\\rust_mozprofilemndb5N"
*** You are running in headless mode.
1650118637476	Marionette	INFO	Marionette enabled
[GFX1-]: RenderCompositorSWGL failed mapping default framebuffer, no dt
console.warn: SearchSettings: "get: No settings file exists, new profile?" (new NotFoundError("Could not open the file at C:\\Users\\ACER\\AppData\\Local\\Temp\\rust_mozprofilemndb5N\\search.json.mozlz4", (void 0)))
out of memory: 0x0000000000001000 bytes requested
out of memory: 0x0000000000001000 bytes requested
out of memory: 0x0000000000001000 bytes requested
out of memory: 0x0000000000001000 bytes requested
JavaScript error: undefined, line 10: Error: An unexpected error occurred
out of memory: 0x0000000000000080 bytes requested
1650118662157	geckodriver	INFO	Listening on 127.0.0.1:28234
1650118665211	mozrunner::runner	INFO	Running command: "C:\\Program Files\\Mozilla Firefox\\firefox.exe" "--marionette" "--headless" "--remote-debugging-port" "28235" "--remote-allow-hosts" "localhost" "-no-remote" "-profile" "C:\\Users\\ACER\\AppData\\Local\\Temp\\rust_mozprofile1bCghv"
*** You are running in headless mode.
1650118665602	Marionette	INFO	Marionette enabled
[GFX1-]: RenderCompositorSWGL failed mapping default framebuffer, no dt
out of memory: 0x0000000000000080 bytes requested

###!!! [Parent][PContentParent] Error: Send(msgname=PContent::Msg_PreferenceUpdate) Channel error: cannot send/recv


###!!! [Parent][PContentParent] Error: Send(msgname=PContent::Msg_PreferenceUpdate) Channel error: cannot send/recv


###!!! [Parent][PContentParent] Error: Send(msgname=PContent::Msg_PreferenceUpdate) Channel error: cannot send/recv


###!!! [Parent][PContentParent] Error: Send(msgname=PContent::Msg_PreferenceUpdate) Channel error: cannot send/recv


###!!! [Parent][PContentParent] Error: RunMessage(msgname=<unknown IPC msg name>) Channel error: cannot send/recv


###!!! [Parent][PContentParent] Error: RunMessage(msgname=<unknown IPC msg name>) Channel error: cannot send/recv


###!!! [Parent][PProfilerParent] Error: RunMessage(msgname=PProfiler::Reply_Stop) Channel error: cannot send/recv


###!!! [Parent][PContentParent] Error: RunMessage(msgname=PContent::Msg_CommitBrowsingContextTransaction) Channel error: cannot send/recv


###!!! [Parent][PContentParent] Error: RunMessage(msgname=PContent::Msg_CommitBrowsingContextTransaction) Channel error: cannot send/recv


###!!! [Parent][PContentParent] Error: RunMessage(msgname=PContent::Msg_CommitWindowContextTransaction) Channel error: cannot send/recv


###!!! [Parent][PContentParent] Error: RunMessage(msgname=PContent::Msg_CommitWindowContextTransaction) Channel error: cannot send/recv


###!!! [Parent][PContentParent] Error: RunMessage(msgname=PWindowGlobal::Msg_SetClientInfo) Channel error: cannot send/recv


###!!! [Parent][PContentParent] Error: RunMessage(msgname=PContent::Msg_CommitBrowsingContextTransaction) Channel error: cannot send/recv


###!!! [Parent][PContentParent] Error: RunMessage(msgname=PWindowGlobal::Msg_UpdateCookieJarSettings) Channel error: cannot send/recv


###!!! [Parent][PContentParent] Error: RunMessage(msgname=PWindowGlobal::Msg_ExpectPageUseCounters) Channel error: cannot send/recv


###!!! [Parent][PContentParent] Error: RunMessage(msgname=PBrowser::Msg_RemoteIsReadyToHandleInputEvents) Channel error: cannot send/recv


###!!! [Parent][PContentParent] Error: RunMessage(msgname=PBrowser::Msg_UpdateContentCache) Channel error: cannot send/recv


###!!! [Parent][PContentParent] Error: RunMessage(msgname=PContent::Msg_CommitBrowsingContextTransaction) Channel error: cannot send/recv


###!!! [Parent][PContentParent] Error: RunMessage(msgname=PWindowGlobal::Msg_SetSingleChannelId) Channel error: cannot send/recv


###!!! [Parent][PContentParent] Error: RunMessage(msgname=PBrowser::Msg_OnStateChange) Channel error: cannot send/recv


###!!! [Parent][PContentParent] Error: RunMessage(msgname=PExtensions::Msg_StateChange) Channel error: cannot send/recv


###!!! [Parent][PContentParent] Error: RunMessage(msgname=PContent::Msg_CommitBrowsingContextTransaction) Channel error: cannot send/recv


###!!! [Parent][PContentParent] Error: RunMessage(msgname=PNecko::Msg_PDocumentChannelConstructor) Channel error: cannot send/recv


###!!! [Parent][PContentParent] Error: RunMessage(msgname=<unknown IPC msg name>) Channel error: cannot send/recv


###!!! [Parent][PContentParent] Error: RunMessage(msgname=<unknown IPC msg name>) Channel error: cannot send/recv


###!!! [Parent][PContentParent] Error: RunMessage(msgname=PContent::Msg_CommitBrowsingContextTransaction) Channel error: cannot send/recv


###!!! [Parent][PContentParent] Error: RunMessage(msgname=PContent::Msg_CommitBrowsingContextTransaction) Channel error: cannot send/recv


###!!! [Parent][PContentParent] Error: RunMessage(msgname=PContent::Msg_CommitWindowContextTransaction) Channel error: cannot send/recv


###!!! [Parent][PContentParent] Error: RunMessage(msgname=PContent::Msg_CommitWindowContextTransaction) Channel error: cannot send/recv


###!!! [Parent][PContentParent] Error: RunMessage(msgname=PWindowGlobal::Msg_SetClientInfo) Channel error: cannot send/recv


###!!! [Parent][PContentParent] Error: RunMessage(msgname=PContent::Msg_CommitBrowsingContextTransaction) Channel error: cannot send/recv


###!!! [Parent][PContentParent] Error: RunMessage(msgname=PWindowGlobal::Msg_UpdateCookieJarSettings) Channel error: cannot send/recv


###!!! [Parent][PContentParent] Error: RunMessage(msgname=PWindowGlobal::Msg_ExpectPageUseCounters) Channel error: cannot send/recv


###!!! [Parent][PContentParent] Error: RunMessage(msgname=PBrowser::Msg_RemoteIsReadyToHandleInputEvents) Channel error: cannot send/recv


###!!! [Parent][PContentParent] Error: RunMessage(msgname=PBrowser::Msg_UpdateContentCache) Channel error: cannot send/recv


###!!! [Parent][PContentParent] Error: RunMessage(msgname=PContent::Msg_CommitBrowsingContextTransaction) Channel error: cannot send/recv


###!!! [Parent][PContentParent] Error: RunMessage(msgname=PWindowGlobal::Msg_SetSingleChannelId) Channel error: cannot send/recv


###!!! [Parent][PContentParent] Error: RunMessage(msgname=PBrowser::Msg_OnStateChange) Channel error: cannot send/recv


###!!! [Parent][PContentParent] Error: RunMessage(msgname=PExtensions::Msg_StateChange) Channel error: cannot send/recv


###!!! [Parent][PContentParent] Error: RunMessage(msgname=PContent::Msg_CommitBrowsingContextTransaction) Channel error: cannot send/recv


###!!! [Parent][PContentParent] Error: RunMessage(msgname=PNecko::Msg_PDocumentChannelConstructor) Channel error: cannot send/recv


###!!! [Parent][PContentParent] Error: RunMessage(msgname=<unknown IPC msg name>) Channel error: cannot send/recv


###!!! [Parent][PContentParent] Error: RunMessage(msgname=<unknown IPC msg name>) Channel error: cannot send/recv

A content process crashed and MOZ_CRASHREPORTER_SHUTDOWN is set, shutting down
console.warn: SearchSettings: "get: No settings file exists, new profile?" (new NotFoundError("Could not open the file at C:\\Users\\ACER\\AppData\\Local\\Temp\\rust_mozprofile1bCghv\\search.json.mozlz4", (void 0), 575))
JavaScript error: resource://activity-stream/lib/ActivityStreamPrefs.jsm, line 27: NS_ERROR_ILLEGAL_VALUE: Component returned failure code: 0x80070057 (NS_ERROR_ILLEGAL_VALUE) [nsIPrefBranch.removeObserver]
[Parent 21664, IPC I/O Parent] WARNING: file /builds/worker/checkouts/gecko/ipc/chromium/src/base/process_util_win.cc:167
console.warn: TopSitesFeed: Failed to fetch data from Contile server: NetworkError when attempting to fetch resource.
console.error: Region.jsm: "Error fetching region" (new TypeError("NetworkError when attempting to fetch resource.", ""))
console.error: Region.jsm: "Failed to fetch region" (new Error("NO_RESULT", "resource://gre/modules/Region.jsm", 419))
Hit MOZ_CRASH([unhandlable oom] js::wasm::Init) at /builds/worker/checkouts/gecko/js/src/vm/JSContext.cpp:1261
WARNING: A blocker encountered an error while we were waiting.
          Blocker:  sanitize.js: Sanitize on shutdown
          Phase: Places Clients shutdown
          State: {"progress":{"isShutdown":true,"sanitizationPrefs":{"network_cookie_lifetimePolicy":0,"privacy_sanitize_sanitizeOnShutdown":false,"privacy_clearOnShutdown_cookies":true,"privacy_clearOnShutdown_history":true,"privacy_clearOnShutdown_formdata":true,"privacy_clearOnShutdown_downloads":true,"privacy_clearOnShutdown_cache":true,"privacy_clearOnShutdown_sessions":true,"privacy_clearOnShutdown_offlineApps":false,"privacy_clearOnShutdown_siteSettings":false,"privacy_clearOnShutdown_openWindows":false},"advancement":"newtab-segregation"}}
WARNING: out of memory
JavaScript error: resource:///modules/BrowserGlue.jsm, line 3357: TypeError: win is null
JavaScript error: resource://gre/modules/AsyncShutdown.jsm, line 575: uncaught exception: out of memory
console.error: "Could not load engine google@search.mozilla.org: TypeError: policy is null"
console.error: "Could not load engine amazondotcom@search.mozilla.org: TypeError: AddonManagerInternal._getProviderByName(...) is undefined"
console.error: "Could not load engine wikipedia@search.mozilla.org: TypeError: AddonManagerInternal._getProviderByName(...) is undefined"
console.error: "Could not load engine bing@search.mozilla.org: TypeError: AddonManagerInternal._getProviderByName(...) is undefined"
console.error: "Could not load engine ddg@search.mozilla.org: TypeError: AddonManagerInternal._getProviderByName(...) is undefined"
console.error: SearchService: "Could not find a replacement default engine."
console.warn: SearchService: "_init: abandoning init due to shutting down"
JavaScript error: resource://gre/modules/AsyncShutdown.jsm, line 575: uncaught exception: 2147500036
JavaScript error: resource://gre/modules/AsyncShutdown.jsm, line 575: uncaught exception: 2147500036
JavaScript error: resource://gre/modules/AsyncShutdown.jsm, line 575: uncaught exception: 2147500036
JavaScript error: resource://gre/modules/AsyncShutdown.jsm, line 575: uncaught exception: 2147500036
JavaScript error: resource://gre/modules/AsyncShutdown.jsm, line 575: uncaught exception: 2147500036
JavaScript error: resource://gre/modules/AsyncShutdown.jsm, line 575: uncaught exception: 2147500036
*** UTM:SVC TimerManager:registerTimer called after profile-before-change notification. Ignoring timer registration for id: region-update-timer
#01: GIFFT_TimingDistributionCancel[C:\Program Files\Mozilla Firefox\xul.dll +0x458b81c]
#02: XRE_GetBootstrap[C:\Program Files\Mozilla Firefox\xul.dll +0x15a0c]
#03: XRE_GetBootstrap[C:\Program Files\Mozilla Firefox\xul.dll +0x153bc]
#04: XRE_GetBootstrap[C:\Program Files\Mozilla Firefox\xul.dll +0x119d0]
#05: GIFFT_TimingDistributionStopAndAccumulate[C:\Program Files\Mozilla Firefox\xul.dll +0x1277c92]
#06: workerlz4_compress[C:\Program Files\Mozilla Firefox\xul.dll +0x9f712f]
#07: workerlz4_compress[C:\Program Files\Mozilla Firefox\xul.dll +0xe373b0]
#08: GIFFT_TimingDistributionStopAndAccumulate[C:\Program Files\Mozilla Firefox\xul.dll +0x12782b1]
#09: GetNtLoaderAPI[C:\Program Files\Mozilla Firefox\firefox.exe +0x9d59]
#10: IsSandboxedProcess[C:\Program Files\Mozilla Firefox\firefox.exe +0x1c878]
#11: ???[C:\WINDOWS\System32\KERNEL32.DLL +0x17034]
#12: ???[C:\WINDOWS\SYSTEM32\ntdll.dll +0x52651]
A content process crashed and MOZ_CRASHREPORTER_SHUTDOWN is set, shutting down
JavaScript error: resource://gre/modules/AddonManager.jsm, line 1443: NS_ERROR_NOT_INITIALIZED: AddonManager is not initialized
JavaScript error: resource://gre/modules/AsyncShutdown.jsm, line 718: Error: Phase "profile-before-change" is finished, it is too late to register completion condition "CrashService waiting for content crash ping to be sent"
JavaScript error: resource://gre/modules/CrashManager.jsm, line 898: AbortError: IOUtils: Shutting down and refusing additional I/O tasks
[Parent 21664, IPC I/O Parent] WARNING: file /builds/worker/checkouts/gecko/ipc/chromium/src/base/process_util_win.cc:167

###!!! [Parent][PImageBridgeParent] Error: RunMessage(msgname=PImageBridge::Msg_WillClose) Channel closing: too late to send/recv, messages will be lost

1650118924274	geckodriver	INFO	Listening on 127.0.0.1:31400
1650118927305	mozrunner::runner	INFO	Running command: "C:\\Program Files\\Mozilla Firefox\\firefox.exe" "--marionette" "--headless" "--remote-debugging-port" "31401" "--remote-allow-hosts" "localhost" "-no-remote" "-profile" "C:\\Users\\ACER\\AppData\\Local\\Temp\\rust_mozprofile1ql9A6"
*** You are running in headless mode.
1650118927686	Marionette	INFO	Marionette enabled
[GFX1-]: RenderCompositorSWGL failed mapping default framebuffer, no dt
console.warn: SearchSettings: "get: No settings file exists, new profile?" (new NotFoundError("Could not open the file at C:\\Users\\ACER\\AppData\\Local\\Temp\\rust_mozprofile1ql9A6\\search.json.mozlz4", (void 0)))
DevTools listening on ws://localhost:31401/devtools/browser/ce472d2e-ed1c-4b18-be5d-df6af04bd89e
1650118928619	Marionette	INFO	Listening on port 31424
Read port: 31424
1650118928655	RemoteAgent	WARN	TLS certificate errors will be ignored for this session
console.warn: LoginRecipes: "getRecipes: falling back to a synchronous message for:" "https://www.binged.com"
console.warn: LoginRecipes: "getRecipes: falling back to a synchronous message for:" "https://www.binged.com"
console.warn: LoginRecipes: "getRecipes: falling back to a synchronous message for:" "https://www.binged.com"
console.warn: LoginRecipes: "getRecipes: falling back to a synchronous message for:" "https://www.binged.com"
1650118938920	Marionette	INFO	Stopped listening on port 31424

###!!! [Parent][PImageBridgeParent] Error: RunMessage(msgname=PImageBridge::Msg_WillClose) Channel closing: too late to send/recv, messages will be lost

1650119089835	geckodriver	INFO	Listening on 127.0.0.1:31477
1650119092945	mozrunner::runner	INFO	Running command: "C:\\Program Files\\Mozilla Firefox\\firefox.exe" "--marionette" "--headless" "--remote-debugging-port" "31478" "--remote-allow-hosts" "localhost" "-no-remote" "-profile" "C:\\Users\\ACER\\AppData\\Local\\Temp\\rust_mozprofile2ABeak"
*** You are running in headless mode.
1650119093358	Marionette	INFO	Marionette enabled
[GFX1-]: RenderCompositorSWGL failed mapping default framebuffer, no dt
console.warn: SearchSettings: "get: No settings file exists, new profile?" (new NotFoundError("Could not open the file at C:\\Users\\ACER\\AppData\\Local\\Temp\\rust_mozprofile2ABeak\\search.json.mozlz4", (void 0)))
DevTools listening on ws://localhost:31478/devtools/browser/ac3941d8-abe3-4c20-8d07-58fba005ee39
1650119094357	Marionette	INFO	Listening on port 31499
Read port: 31499
1650119094408	RemoteAgent	WARN	TLS certificate errors will be ignored for this session
console.warn: LoginRecipes: "getRecipes: falling back to a synchronous message for:" "https://www.binged.com"
console.warn: LoginRecipes: "getRecipes: falling back to a synchronous message for:" "https://www.binged.com"
console.warn: LoginRecipes: "getRecipes: falling back to a synchronous message for:" "https://www.binged.com"
console.warn: LoginRecipes: "getRecipes: falling back to a synchronous message for:" "https://www.binged.com"
1650119101758	Marionette	INFO	Stopped listening on port 31499
1650119570500	geckodriver	INFO	Listening on 127.0.0.1:31561
1650119573567	mozrunner::runner	INFO	Running command: "C:\\Program Files\\Mozilla Firefox\\firefox.exe" "--marionette" "--headless" "--remote-debugging-port" "31562" "--remote-allow-hosts" "localhost" "-no-remote" "-profile" "C:\\Users\\ACER\\AppData\\Local\\Temp\\rust_mozprofilen5ARZs"
*** You are running in headless mode.
1650119573927	Marionette	INFO	Marionette enabled
[GFX1-]: RenderCompositorSWGL failed mapping default framebuffer, no dt
console.warn: SearchSettings: "get: No settings file exists, new profile?" (new NotFoundError("Could not open the file at C:\\Users\\ACER\\AppData\\Local\\Temp\\rust_mozprofilen5ARZs\\search.json.mozlz4", (void 0)))
DevTools listening on ws://localhost:31562/devtools/browser/5196fb39-2cbc-4535-955a-440b94464a99
1650119574897	Marionette	INFO	Listening on port 31584
Read port: 31584
1650119574915	RemoteAgent	WARN	TLS certificate errors will be ignored for this session
console.warn: LoginRecipes: "getRecipes: falling back to a synchronous message for:" "https://www.binged.com"
console.warn: LoginRecipes: "getRecipes: falling back to a synchronous message for:" "https://www.binged.com"
console.warn: LoginRecipes: "getRecipes: falling back to a synchronous message for:" "https://www.binged.com"
console.warn: LoginRecipes: "getRecipes: falling back to a synchronous message for:" "https://www.binged.com"
1650119582505	Marionette	INFO	Stopped listening on port 31584
1650119738837	geckodriver	INFO	Listening on 127.0.0.1:31764
1650119741967	mozrunner::runner	INFO	Running command: "C:\\Program Files\\Mozilla Firefox\\firefox.exe" "--marionette" "--headless" "--remote-debugging-port" "31765" "--remote-allow-hosts" "localhost" "-no-remote" "-profile" "C:\\Users\\ACER\\AppData\\Local\\Temp\\rust_mozprofileZYNNaI"
*** You are running in headless mode.
1650119742360	Marionette	INFO	Marionette enabled
[GFX1-]: RenderCompositorSWGL failed mapping default framebuffer, no dt
console.warn: SearchSettings: "get: No settings file exists, new profile?" (new NotFoundError("Could not open the file at C:\\Users\\ACER\\AppData\\Local\\Temp\\rust_mozprofileZYNNaI\\search.json.mozlz4", (void 0)))
DevTools listening on ws://localhost:31765/devtools/browser/293e4a21-050b-43b9-a328-b5ca4600aba7
1650119743314	Marionette	INFO	Listening on port 31787
Read port: 31787
1650119743427	RemoteAgent	WARN	TLS certificate errors will be ignored for this session
console.warn: LoginRecipes: "getRecipes: falling back to a synchronous message for:" "https://www.binged.com"
console.warn: LoginRecipes: "getRecipes: falling back to a synchronous message for:" "https://www.binged.com"
console.warn: LoginRecipes: "getRecipes: falling back to a synchronous message for:" "https://www.binged.com"
console.warn: LoginRecipes: "getRecipes: falling back to a synchronous message for:" "https://www.binged.com"
1650119751444	Marionette	INFO	Stopped listening on port 31787

###!!! [Parent][PImageBridgeParent] Error: RunMessage(msgname=PImageBridge::Msg_WillClose) Channel closing: too late to send/recv, messages will be lost

1650119774745	geckodriver	INFO	Listening on 127.0.0.1:31837
1650119777821	mozrunner::runner	INFO	Running command: "C:\\Program Files\\Mozilla Firefox\\firefox.exe" "--marionette" "--headless" "--remote-debugging-port" "31838" "--remote-allow-hosts" "localhost" "-no-remote" "-profile" "C:\\Users\\ACER\\AppData\\Local\\Temp\\rust_mozprofilezjYU8U"
*** You are running in headless mode.
1650119778311	Marionette	INFO	Marionette enabled
[GFX1-]: RenderCompositorSWGL failed mapping default framebuffer, no dt
console.warn: SearchSettings: "get: No settings file exists, new profile?" (new NotFoundError("Could not open the file at C:\\Users\\ACER\\AppData\\Local\\Temp\\rust_mozprofilezjYU8U\\search.json.mozlz4", (void 0)))
DevTools listening on ws://localhost:31838/devtools/browser/15bfd4c0-74ce-45bb-adda-fb073430a6ab
1650119779230	Marionette	INFO	Listening on port 31859
Read port: 31859
1650119779277	RemoteAgent	WARN	TLS certificate errors will be ignored for this session
console.warn: LoginRecipes: "getRecipes: falling back to a synchronous message for:" "https://www.binged.com"
console.warn: LoginRecipes: "getRecipes: falling back to a synchronous message for:" "https://www.binged.com"
console.warn: LoginRecipes: "getRecipes: falling back to a synchronous message for:" "https://www.binged.com"
console.warn: LoginRecipes: "getRecipes: falling back to a synchronous message for:" "https://www.binged.com"
1650119787260	Marionette	INFO	Stopped listening on port 31859
1650119806941	geckodriver	INFO	Listening on 127.0.0.1:31910
1650119810038	mozrunner::runner	INFO	Running command: "C:\\Program Files\\Mozilla Firefox\\firefox.exe" "--marionette" "--headless" "--remote-debugging-port" "31911" "--remote-allow-hosts" "localhost" "-no-remote" "-profile" "C:\\Users\\ACER\\AppData\\Local\\Temp\\rust_mozprofileGBKvoq"
*** You are running in headless mode.
1650119810462	Marionette	INFO	Marionette enabled
[GFX1-]: RenderCompositorSWGL failed mapping default framebuffer, no dt
console.warn: SearchSettings: "get: No settings file exists, new profile?" (new NotFoundError("Could not open the file at C:\\Users\\ACER\\AppData\\Local\\Temp\\rust_mozprofileGBKvoq\\search.json.mozlz4", (void 0)))
DevTools listening on ws://localhost:31911/devtools/browser/5d7b5659-f53d-4673-841f-40a61aa643d8
1650119811392	Marionette	INFO	Listening on port 31932
Read port: 31932
1650119811496	RemoteAgent	WARN	TLS certificate errors will be ignored for this session
console.warn: LoginRecipes: "getRecipes: falling back to a synchronous message for:" "https://www.binged.com"
console.warn: LoginRecipes: "getRecipes: falling back to a synchronous message for:" "https://www.binged.com"
console.warn: LoginRecipes: "getRecipes: falling back to a synchronous message for:" "https://www.binged.com"
console.warn: LoginRecipes: "getRecipes: falling back to a synchronous message for:" "https://www.binged.com"
1650119825412	Marionette	INFO	Stopped listening on port 31932
1650120083015	geckodriver	INFO	Listening on 127.0.0.1:32147
1650120086133	mozrunner::runner	INFO	Running command: "C:\\Program Files\\Mozilla Firefox\\firefox.exe" "--marionette" "--headless" "--remote-debugging-port" "32148" "--remote-allow-hosts" "localhost" "-no-remote" "-profile" "C:\\Users\\ACER\\AppData\\Local\\Temp\\rust_mozprofile6logNl"
*** You are running in headless mode.
1650120086569	Marionette	INFO	Marionette enabled
[GFX1-]: RenderCompositorSWGL failed mapping default framebuffer, no dt
console.warn: SearchSettings: "get: No settings file exists, new profile?" (new NotFoundError("Could not open the file at C:\\Users\\ACER\\AppData\\Local\\Temp\\rust_mozprofile6logNl\\search.json.mozlz4", (void 0)))
DevTools listening on ws://localhost:32148/devtools/browser/bd28780d-1483-40e8-8776-29ffee84b3d2
1650120087470	Marionette	INFO	Listening on port 32170
Read port: 32170
1650120087587	RemoteAgent	WARN	TLS certificate errors will be ignored for this session
console.warn: LoginRecipes: "getRecipes: falling back to a synchronous message for:" "https://www.binged.com"
console.warn: LoginRecipes: "getRecipes: falling back to a synchronous message for:" "https://www.binged.com"
console.warn: LoginRecipes: "getRecipes: falling back to a synchronous message for:" "https://www.binged.com"
console.warn: LoginRecipes: "getRecipes: falling back to a synchronous message for:" "https://www.binged.com"
1650120095546	Marionette	INFO	Stopped listening on port 32170
1650121690734	geckodriver	INFO	Listening on 127.0.0.1:12241
1650121693805	mozrunner::runner	INFO	Running command: "C:\\Program Files\\Mozilla Firefox\\firefox.exe" "--marionette" "--headless" "--remote-debugging-port" "12242" "--remote-allow-hosts" "localhost" "-no-remote" "-profile" "C:\\Users\\ACER\\AppData\\Local\\Temp\\rust_mozprofileAMCGUG"
*** You are running in headless mode.
1650121694182	Marionette	INFO	Marionette enabled
[GFX1-]: RenderCompositorSWGL failed mapping default framebuffer, no dt
console.warn: SearchSettings: "get: No settings file exists, new profile?" (new NotFoundError("Could not open the file at C:\\Users\\ACER\\AppData\\Local\\Temp\\rust_mozprofileAMCGUG\\search.json.mozlz4", (void 0)))
DevTools listening on ws://localhost:12242/devtools/browser/d3723f53-705f-4afe-85bf-11473c8bd5f6
1650121695179	Marionette	INFO	Listening on port 12265
Read port: 12265
1650121695262	RemoteAgent	WARN	TLS certificate errors will be ignored for this session
console.warn: LoginRecipes: "getRecipes: falling back to a synchronous message for:" "https://www.binged.com"
console.warn: LoginRecipes: "getRecipes: falling back to a synchronous message for:" "https://www.binged.com"
console.warn: LoginRecipes: "getRecipes: falling back to a synchronous message for:" "https://www.binged.com"
console.warn: LoginRecipes: "getRecipes: falling back to a synchronous message for:" "https://www.binged.com"
1650121702954	Marionette	INFO	Stopped listening on port 12265
1650121801092	geckodriver	INFO	Listening on 127.0.0.1:12340
1650121804160	mozrunner::runner	INFO	Running command: "C:\\Program Files\\Mozilla Firefox\\firefox.exe" "--marionette" "--headless" "--remote-debugging-port" "12341" "--remote-allow-hosts" "localhost" "-no-remote" "-profile" "C:\\Users\\ACER\\AppData\\Local\\Temp\\rust_mozprofiletmHrrd"
*** You are running in headless mode.
1650121804450	Marionette	INFO	Marionette enabled
[GFX1-]: RenderCompositorSWGL failed mapping default framebuffer, no dt
console.warn: SearchSettings: "get: No settings file exists, new profile?" (new NotFoundError("Could not open the file at C:\\Users\\ACER\\AppData\\Local\\Temp\\rust_mozprofiletmHrrd\\search.json.mozlz4", (void 0)))
DevTools listening on ws://localhost:12341/devtools/browser/1e37713f-697f-4586-a274-34aa370c1736
1650121805389	Marionette	INFO	Listening on port 12362
Read port: 12362
1650121805499	RemoteAgent	WARN	TLS certificate errors will be ignored for this session
console.warn: LoginRecipes: "getRecipes: falling back to a synchronous message for:" "https://www.binged.com"
console.warn: LoginRecipes: "getRecipes: falling back to a synchronous message for:" "https://www.binged.com"
console.warn: LoginRecipes: "getRecipes: falling back to a synchronous message for:" "https://www.binged.com"
console.warn: LoginRecipes: "getRecipes: falling back to a synchronous message for:" "https://www.binged.com"
1650121813299	Marionette	INFO	Stopped listening on port 12362

###!!! [Parent][PImageBridgeParent] Error: RunMessage(msgname=PImageBridge::Msg_WillClose) Channel closing: too late to send/recv, messages will be lost

1650121824761	geckodriver	INFO	Listening on 127.0.0.1:12413
1650121827842	mozrunner::runner	INFO	Running command: "C:\\Program Files\\Mozilla Firefox\\firefox.exe" "--marionette" "--headless" "--remote-debugging-port" "12414" "--remote-allow-hosts" "localhost" "-no-remote" "-profile" "C:\\Users\\ACER\\AppData\\Local\\Temp\\rust_mozprofiletI0IWN"
*** You are running in headless mode.
1650121828295	Marionette	INFO	Marionette enabled
[GFX1-]: RenderCompositorSWGL failed mapping default framebuffer, no dt
console.warn: SearchSettings: "get: No settings file exists, new profile?" (new NotFoundError("Could not open the file at C:\\Users\\ACER\\AppData\\Local\\Temp\\rust_mozprofiletI0IWN\\search.json.mozlz4", (void 0)))
DevTools listening on ws://localhost:12414/devtools/browser/05697588-ab49-43a3-994b-6c85d2f135f5
1650121829239	Marionette	INFO	Listening on port 12435
Read port: 12435
1650121829295	RemoteAgent	WARN	TLS certificate errors will be ignored for this session
console.warn: LoginRecipes: "getRecipes: falling back to a synchronous message for:" "https://www.binged.com"
console.warn: LoginRecipes: "getRecipes: falling back to a synchronous message for:" "https://www.binged.com"
console.warn: LoginRecipes: "getRecipes: falling back to a synchronous message for:" "https://www.binged.com"
console.warn: LoginRecipes: "getRecipes: falling back to a synchronous message for:" "https://www.binged.com"
1650121837740	Marionette	INFO	Stopped listening on port 12435

###!!! [Parent][PImageBridgeParent] Error: RunMessage(msgname=PImageBridge::Msg_WillClose) Channel closing: too late to send/recv, messages will be lost

1650121882323	geckodriver	INFO	Listening on 127.0.0.1:12507
1650121885406	mozrunner::runner	INFO	Running command: "C:\\Program Files\\Mozilla Firefox\\firefox.exe" "--marionette" "--headless" "--remote-debugging-port" "12508" "--remote-allow-hosts" "localhost" "-no-remote" "-profile" "C:\\Users\\ACER\\AppData\\Local\\Temp\\rust_mozprofile9acqtB"
*** You are running in headless mode.
1650121885840	Marionette	INFO	Marionette enabled
[GFX1-]: RenderCompositorSWGL failed mapping default framebuffer, no dt
console.warn: SearchSettings: "get: No settings file exists, new profile?" (new NotFoundError("Could not open the file at C:\\Users\\ACER\\AppData\\Local\\Temp\\rust_mozprofile9acqtB\\search.json.mozlz4", (void 0)))
DevTools listening on ws://localhost:12508/devtools/browser/ac58a155-0ec3-44d2-9d54-7e44549fdf6a
1650121886786	Marionette	INFO	Listening on port 12531
Read port: 12531
1650121886866	RemoteAgent	WARN	TLS certificate errors will be ignored for this session
console.warn: LoginRecipes: "getRecipes: falling back to a synchronous message for:" "https://www.binged.com"
console.warn: LoginRecipes: "getRecipes: falling back to a synchronous message for:" "https://www.binged.com"
console.warn: LoginRecipes: "getRecipes: falling back to a synchronous message for:" "https://www.binged.com"
console.warn: LoginRecipes: "getRecipes: falling back to a synchronous message for:" "https://www.binged.com"
1650121894817	Marionette	INFO	Stopped listening on port 12531
1650121952805	geckodriver	INFO	Listening on 127.0.0.1:12586
1650121955862	mozrunner::runner	INFO	Running command: "C:\\Program Files\\Mozilla Firefox\\firefox.exe" "--marionette" "--headless" "--remote-debugging-port" "12587" "--remote-allow-hosts" "localhost" "-no-remote" "-profile" "C:\\Users\\ACER\\AppData\\Local\\Temp\\rust_mozprofilegz0TGx"
*** You are running in headless mode.
1650121956188	Marionette	INFO	Marionette enabled
[GFX1-]: RenderCompositorSWGL failed mapping default framebuffer, no dt
console.warn: SearchSettings: "get: No settings file exists, new profile?" (new NotFoundError("Could not open the file at C:\\Users\\ACER\\AppData\\Local\\Temp\\rust_mozprofilegz0TGx\\search.json.mozlz4", (void 0)))
DevTools listening on ws://localhost:12587/devtools/browser/7c474344-76a8-4196-9553-d0abafb86160
1650121957641	Marionette	INFO	Listening on port 12610
Read port: 12610
1650121957758	RemoteAgent	WARN	TLS certificate errors will be ignored for this session
console.warn: LoginRecipes: "getRecipes: falling back to a synchronous message for:" "https://www.binged.com"
console.warn: LoginRecipes: "getRecipes: falling back to a synchronous message for:" "https://www.binged.com"
console.warn: LoginRecipes: "getRecipes: falling back to a synchronous message for:" "https://www.binged.com"
console.warn: LoginRecipes: "getRecipes: falling back to a synchronous message for:" "https://www.binged.com"
1650121965419	Marionette	INFO	Stopped listening on port 12610
1650123372735	geckodriver	INFO	Listening on 127.0.0.1:1449
1650123375807	mozrunner::runner	INFO	Running command: "C:\\Program Files\\Mozilla Firefox\\firefox.exe" "--marionette" "--headless" "--remote-debugging-port" "1450" "--remote-allow-hosts" "localhost" "-no-remote" "-profile" "C:\\Users\\ACER\\AppData\\Local\\Temp\\rust_mozprofile3mu95s"
*** You are running in headless mode.
1650123376216	Marionette	INFO	Marionette enabled
[GFX1-]: RenderCompositorSWGL failed mapping default framebuffer, no dt
console.warn: SearchSettings: "get: No settings file exists, new profile?" (new NotFoundError("Could not open the file at C:\\Users\\ACER\\AppData\\Local\\Temp\\rust_mozprofile3mu95s\\search.json.mozlz4", (void 0)))
DevTools listening on ws://localhost:1450/devtools/browser/ef95261c-ccab-4cab-be44-ade2336d2ce5
1650123377328	Marionette	INFO	Listening on port 1473
Read port: 1473
1650123377372	RemoteAgent	WARN	TLS certificate errors will be ignored for this session
console.warn: LoginRecipes: "getRecipes: falling back to a synchronous message for:" "https://www.binged.com"
console.warn: LoginRecipes: "getRecipes: falling back to a synchronous message for:" "https://www.binged.com"
console.warn: LoginRecipes: "getRecipes: falling back to a synchronous message for:" "https://www.binged.com"
console.warn: LoginRecipes: "getRecipes: falling back to a synchronous message for:" "https://www.binged.com"
1650123384833	Marionette	INFO	Stopped listening on port 1473

###!!! [Parent][PImageBridgeParent] Error: RunMessage(msgname=PImageBridge::Msg_WillClose) Channel closing: too late to send/recv, messages will be lost

